<?xml version="1.0" encoding="UTF-8"?>
<coverage generated="1514816031075" clover="3.2.0">
  <project timestamp="1514816031075" name="All files">
    <metrics statements="29" coveredstatements="28" conditionals="15" coveredconditionals="10" methods="14" coveredmethods="13" elements="58" coveredelements="51" complexity="0" loc="29" ncloc="29" packages="2" files="5" classes="5">
      <package name="actions">
        <metrics statements="21" coveredstatements="20" conditionals="6" coveredconditionals="3" methods="12" coveredmethods="11"/>
        <file name="MessageActions.js" path="/Users/andeladeveloper/Desktop/conecta/frontend/src/actions/MessageActions.js">
          <metrics statements="6" coveredstatements="5" conditionals="2" coveredconditionals="1" methods="5" coveredmethods="4"/>
          <line num="16" count="1" type="stmt"/>
          <line num="28" count="1" type="stmt"/>
          <line num="29" count="1" type="stmt"/>
          <line num="32" count="1" type="cond" truecount="1" falsecount="1"/>
          <line num="33" count="1" type="stmt"/>
          <line num="37" count="0" type="stmt"/>
        </file>
        <file name="UserActions.js" path="/Users/andeladeveloper/Desktop/conecta/frontend/src/actions/UserActions.js">
          <metrics statements="11" coveredstatements="11" conditionals="4" coveredconditionals="2" methods="7" coveredmethods="7"/>
          <line num="16" count="2" type="stmt"/>
          <line num="27" count="1" type="stmt"/>
          <line num="28" count="1" type="stmt"/>
          <line num="31" count="1" type="cond" truecount="1" falsecount="1"/>
          <line num="32" count="1" type="stmt"/>
          <line num="33" count="1" type="stmt"/>
          <line num="47" count="1" type="stmt"/>
          <line num="48" count="1" type="stmt"/>
          <line num="51" count="1" type="cond" truecount="1" falsecount="1"/>
          <line num="52" count="1" type="stmt"/>
          <line num="53" count="1" type="stmt"/>
        </file>
        <file name="types.js" path="/Users/andeladeveloper/Desktop/conecta/frontend/src/actions/types.js">
          <metrics statements="4" coveredstatements="4" conditionals="0" coveredconditionals="0" methods="0" coveredmethods="0"/>
          <line num="1" count="4" type="stmt"/>
          <line num="2" count="4" type="stmt"/>
          <line num="3" count="4" type="stmt"/>
          <line num="4" count="4" type="stmt"/>
        </file>
      </package>
      <package name="reducers">
        <metrics statements="8" coveredstatements="8" conditionals="9" coveredconditionals="7" methods="2" coveredmethods="2"/>
        <file name="message.js" path="/Users/andeladeveloper/Desktop/conecta/frontend/src/reducers/message.js">
          <metrics statements="3" coveredstatements="3" conditionals="4" coveredconditionals="3" methods="1" coveredmethods="1"/>
          <line num="6" count="2" type="cond" truecount="2" falsecount="0"/>
          <line num="8" count="1" type="stmt"/>
          <line num="16" count="1" type="stmt"/>
        </file>
        <file name="user.js" path="/Users/andeladeveloper/Desktop/conecta/frontend/src/reducers/user.js">
          <metrics statements="5" coveredstatements="5" conditionals="5" coveredconditionals="4" methods="1" coveredmethods="1"/>
          <line num="5" count="1" type="stmt"/>
          <line num="11" count="3" type="cond" truecount="3" falsecount="0"/>
          <line num="13" count="1" type="stmt"/>
          <line num="19" count="1" type="stmt"/>
          <line num="24" count="1" type="stmt"/>
        </file>
      </package>
    </metrics>
  </project>
</coverage>
