{"/Users/andeladeveloper/Desktop/conecta/frontend/src/actions/MessageActions.js": {"path":"/Users/andeladeveloper/Desktop/conecta/frontend/src/actions/MessageActions.js","statementMap":{"0":{"start":{"line":16,"column":4},"end":{"line":19,"column":6}},"1":{"start":{"line":28,"column":4},"end":{"line":38,"column":6}},"2":{"start":{"line":29,"column":6},"end":{"line":37,"column":47}},"3":{"start":{"line":32,"column":12},"end":{"line":34,"column":13}},"4":{"start":{"line":33,"column":14},"end":{"line":33,"column":69}},"5":{"start":{"line":37,"column":26},"end":{"line":37,"column":43}}},"fnMap":{"0":{"name":"(anonymous_0)","decl":{"start":{"line":15,"column":2},"end":{"line":15,"column":3}},"loc":{"start":{"line":15,"column":30},"end":{"line":20,"column":3}},"line":15},"1":{"name":"(anonymous_1)","decl":{"start":{"line":27,"column":2},"end":{"line":27,"column":3}},"loc":{"start":{"line":27,"column":30},"end":{"line":39,"column":3}},"line":27},"2":{"name":"(anonymous_2)","decl":{"start":{"line":28,"column":11},"end":{"line":28,"column":12}},"loc":{"start":{"line":28,"column":25},"end":{"line":38,"column":5}},"line":28},"3":{"name":"(anonymous_3)","decl":{"start":{"line":31,"column":10},"end":{"line":31,"column":11}},"loc":{"start":{"line":31,"column":19},"end":{"line":35,"column":11}},"line":31},"4":{"name":"(anonymous_4)","decl":{"start":{"line":37,"column":15},"end":{"line":37,"column":16}},"loc":{"start":{"line":37,"column":24},"end":{"line":37,"column":45}},"line":37}},"branchMap":{"0":{"loc":{"start":{"line":32,"column":12},"end":{"line":34,"column":13}},"type":"if","locations":[{"start":{"line":32,"column":12},"end":{"line":34,"column":13}},{"start":{"line":32,"column":12},"end":{"line":34,"column":13}}],"line":32}},"s":{"0":1,"1":1,"2":1,"3":1,"4":1,"5":0},"f":{"0":1,"1":1,"2":1,"3":1,"4":0},"b":{"0":[1,0]},"_coverageSchema":"332fd63041d2c1bcb487cc26dd0d5f7d97098a6c","hash":"fd995ea8f3bb148c895859fedb091e5c77950ed2"}
,"/Users/andeladeveloper/Desktop/conecta/frontend/src/actions/UserActions.js": {"path":"/Users/andeladeveloper/Desktop/conecta/frontend/src/actions/UserActions.js","statementMap":{"0":{"start":{"line":16,"column":4},"end":{"line":19,"column":6}},"1":{"start":{"line":27,"column":4},"end":{"line":37,"column":6}},"2":{"start":{"line":28,"column":6},"end":{"line":36,"column":10}},"3":{"start":{"line":31,"column":12},"end":{"line":34,"column":13}},"4":{"start":{"line":32,"column":31},"end":{"line":32,"column":61}},"5":{"start":{"line":33,"column":14},"end":{"line":33,"column":54}},"6":{"start":{"line":47,"column":4},"end":{"line":57,"column":6}},"7":{"start":{"line":48,"column":6},"end":{"line":56,"column":10}},"8":{"start":{"line":51,"column":12},"end":{"line":54,"column":13}},"9":{"start":{"line":52,"column":31},"end":{"line":52,"column":61}},"10":{"start":{"line":53,"column":14},"end":{"line":53,"column":54}}},"fnMap":{"0":{"name":"(anonymous_0)","decl":{"start":{"line":15,"column":2},"end":{"line":15,"column":3}},"loc":{"start":{"line":15,"column":23},"end":{"line":20,"column":3}},"line":15},"1":{"name":"(anonymous_1)","decl":{"start":{"line":26,"column":2},"end":{"line":26,"column":3}},"loc":{"start":{"line":26,"column":31},"end":{"line":38,"column":3}},"line":26},"2":{"name":"(anonymous_2)","decl":{"start":{"line":27,"column":11},"end":{"line":27,"column":12}},"loc":{"start":{"line":27,"column":25},"end":{"line":37,"column":5}},"line":27},"3":{"name":"(anonymous_3)","decl":{"start":{"line":30,"column":10},"end":{"line":30,"column":11}},"loc":{"start":{"line":30,"column":19},"end":{"line":35,"column":11}},"line":30},"4":{"name":"(anonymous_4)","decl":{"start":{"line":46,"column":2},"end":{"line":46,"column":3}},"loc":{"start":{"line":46,"column":28},"end":{"line":58,"column":3}},"line":46},"5":{"name":"(anonymous_5)","decl":{"start":{"line":47,"column":11},"end":{"line":47,"column":12}},"loc":{"start":{"line":47,"column":25},"end":{"line":57,"column":5}},"line":47},"6":{"name":"(anonymous_6)","decl":{"start":{"line":50,"column":10},"end":{"line":50,"column":11}},"loc":{"start":{"line":50,"column":19},"end":{"line":55,"column":11}},"line":50}},"branchMap":{"0":{"loc":{"start":{"line":31,"column":12},"end":{"line":34,"column":13}},"type":"if","locations":[{"start":{"line":31,"column":12},"end":{"line":34,"column":13}},{"start":{"line":31,"column":12},"end":{"line":34,"column":13}}],"line":31},"1":{"loc":{"start":{"line":51,"column":12},"end":{"line":54,"column":13}},"type":"if","locations":[{"start":{"line":51,"column":12},"end":{"line":54,"column":13}},{"start":{"line":51,"column":12},"end":{"line":54,"column":13}}],"line":51}},"s":{"0":2,"1":1,"2":1,"3":1,"4":1,"5":1,"6":1,"7":1,"8":1,"9":1,"10":1},"f":{"0":2,"1":1,"2":1,"3":1,"4":1,"5":1,"6":1},"b":{"0":[1,0],"1":[1,0]},"_coverageSchema":"332fd63041d2c1bcb487cc26dd0d5f7d97098a6c","hash":"176329d311283b42e5a620bb46a3aa8e651398d2"}
,"/Users/andeladeveloper/Desktop/conecta/frontend/src/actions/types.js": {"path":"/Users/andeladeveloper/Desktop/conecta/frontend/src/actions/types.js","statementMap":{"0":{"start":{"line":1,"column":32},"end":{"line":1,"column":50}},"1":{"start":{"line":2,"column":34},"end":{"line":2,"column":54}},"2":{"start":{"line":3,"column":26},"end":{"line":3,"column":38}},"3":{"start":{"line":4,"column":28},"end":{"line":4,"column":42}}},"fnMap":{},"branchMap":{},"s":{"0":4,"1":4,"2":4,"3":4},"f":{},"b":{},"_coverageSchema":"332fd63041d2c1bcb487cc26dd0d5f7d97098a6c","hash":"3740647e702200d26e394bd8f493c7102de10451"}
,"/Users/andeladeveloper/Desktop/conecta/frontend/src/reducers/message.js": {"path":"/Users/andeladeveloper/Desktop/conecta/frontend/src/reducers/message.js","statementMap":{"0":{"start":{"line":6,"column":2},"end":{"line":17,"column":3}},"1":{"start":{"line":8,"column":6},"end":{"line":14,"column":8}},"2":{"start":{"line":16,"column":13},"end":{"line":16,"column":26}}},"fnMap":{"0":{"name":"(anonymous_0)","decl":{"start":{"line":5,"column":15},"end":{"line":5,"column":16}},"loc":{"start":{"line":5,"column":44},"end":{"line":18,"column":1}},"line":5}},"branchMap":{"0":{"loc":{"start":{"line":5,"column":16},"end":{"line":5,"column":26}},"type":"default-arg","locations":[{"start":{"line":5,"column":24},"end":{"line":5,"column":26}}],"line":5},"1":{"loc":{"start":{"line":5,"column":28},"end":{"line":5,"column":39}},"type":"default-arg","locations":[{"start":{"line":5,"column":37},"end":{"line":5,"column":39}}],"line":5},"2":{"loc":{"start":{"line":6,"column":2},"end":{"line":17,"column":3}},"type":"switch","locations":[{"start":{"line":7,"column":4},"end":{"line":14,"column":8}},{"start":{"line":16,"column":4},"end":{"line":16,"column":26}}],"line":6}},"s":{"0":2,"1":1,"2":1},"f":{"0":2},"b":{"0":[1],"1":[0],"2":[1,1]},"_coverageSchema":"332fd63041d2c1bcb487cc26dd0d5f7d97098a6c","hash":"69897752fb0549f86984225c549eb71c82498d6e"}
,"/Users/andeladeveloper/Desktop/conecta/frontend/src/reducers/user.js": {"path":"/Users/andeladeveloper/Desktop/conecta/frontend/src/reducers/user.js","statementMap":{"0":{"start":{"line":5,"column":21},"end":{"line":8,"column":1}},"1":{"start":{"line":11,"column":2},"end":{"line":25,"column":3}},"2":{"start":{"line":13,"column":6},"end":{"line":16,"column":8}},"3":{"start":{"line":19,"column":6},"end":{"line":22,"column":8}},"4":{"start":{"line":24,"column":13},"end":{"line":24,"column":26}}},"fnMap":{"0":{"name":"(anonymous_0)","decl":{"start":{"line":10,"column":15},"end":{"line":10,"column":16}},"loc":{"start":{"line":10,"column":54},"end":{"line":26,"column":1}},"line":10}},"branchMap":{"0":{"loc":{"start":{"line":10,"column":16},"end":{"line":10,"column":36}},"type":"default-arg","locations":[{"start":{"line":10,"column":24},"end":{"line":10,"column":36}}],"line":10},"1":{"loc":{"start":{"line":10,"column":38},"end":{"line":10,"column":49}},"type":"default-arg","locations":[{"start":{"line":10,"column":47},"end":{"line":10,"column":49}}],"line":10},"2":{"loc":{"start":{"line":11,"column":2},"end":{"line":25,"column":3}},"type":"switch","locations":[{"start":{"line":12,"column":4},"end":{"line":16,"column":8}},{"start":{"line":18,"column":4},"end":{"line":22,"column":8}},{"start":{"line":24,"column":4},"end":{"line":24,"column":26}}],"line":11}},"s":{"0":1,"1":3,"2":1,"3":1,"4":1},"f":{"0":3},"b":{"0":[1],"1":[0],"2":[1,1,1]},"_coverageSchema":"332fd63041d2c1bcb487cc26dd0d5f7d97098a6c","hash":"9e7cb277c945b8308cb9af331c35a4381132fddc"}
}
