TN:
SF:/Users/andeladeveloper/Desktop/conecta/frontend/src/actions/MessageActions.js
FN:15,(anonymous_0)
FN:27,(anonymous_1)
FN:28,(anonymous_2)
FN:31,(anonymous_3)
FN:37,(anonymous_4)
FNF:5
FNH:4
FNDA:1,(anonymous_0)
FNDA:1,(anonymous_1)
FNDA:1,(anonymous_2)
FNDA:1,(anonymous_3)
FNDA:0,(anonymous_4)
DA:16,1
DA:28,1
DA:29,1
DA:32,1
DA:33,1
DA:37,0
LF:6
LH:5
BRDA:32,0,0,1
BRDA:32,0,1,0
BRF:2
BRH:1
end_of_record
TN:
SF:/Users/andeladeveloper/Desktop/conecta/frontend/src/actions/UserActions.js
FN:15,(anonymous_0)
FN:26,(anonymous_1)
FN:27,(anonymous_2)
FN:30,(anonymous_3)
FN:46,(anonymous_4)
FN:47,(anonymous_5)
FN:50,(anonymous_6)
FNF:7
FNH:7
FNDA:2,(anonymous_0)
FNDA:1,(anonymous_1)
FNDA:1,(anonymous_2)
FNDA:1,(anonymous_3)
FNDA:1,(anonymous_4)
FNDA:1,(anonymous_5)
FNDA:1,(anonymous_6)
DA:16,2
DA:27,1
DA:28,1
DA:31,1
DA:32,1
DA:33,1
DA:47,1
DA:48,1
DA:51,1
DA:52,1
DA:53,1
LF:11
LH:11
BRDA:31,0,0,1
BRDA:31,0,1,0
BRDA:51,1,0,1
BRDA:51,1,1,0
BRF:4
BRH:2
end_of_record
TN:
SF:/Users/andeladeveloper/Desktop/conecta/frontend/src/actions/types.js
FNF:0
FNH:0
DA:1,4
DA:2,4
DA:3,4
DA:4,4
LF:4
LH:4
BRF:0
BRH:0
end_of_record
TN:
SF:/Users/andeladeveloper/Desktop/conecta/frontend/src/reducers/message.js
FN:5,(anonymous_0)
FNF:1
FNH:1
FNDA:2,(anonymous_0)
DA:6,2
DA:8,1
DA:16,1
LF:3
LH:3
BRDA:5,0,0,1
BRDA:5,1,0,0
BRDA:6,2,0,1
BRDA:6,2,1,1
BRF:4
BRH:3
end_of_record
TN:
SF:/Users/andeladeveloper/Desktop/conecta/frontend/src/reducers/user.js
FN:10,(anonymous_0)
FNF:1
FNH:1
FNDA:3,(anonymous_0)
DA:5,1
DA:11,3
DA:13,1
DA:19,1
DA:24,1
LF:5
LH:5
BRDA:10,0,0,1
BRDA:10,1,0,0
BRDA:11,2,0,1
BRDA:11,2,1,1
BRDA:11,2,2,1
BRF:5
BRH:4
end_of_record
